<?xml version="1.0" encoding="UTF-8"?>
<!-- Generated by org.testng.reporters.JUnitReportReporter -->
<testsuite skipped="0" hostname="ATMECSINLT-044" name="com.atmecs.phptravels.tests.PhpTravels_profile" tests="5" failures="0" timestamp="13 Sep 2019 05:11:01 GMT" time="93.187" errors="0">
  <testcase name="signUp" time="18.031" classname="com.atmecs.phptravels.tests.PhpTravels_profile"/>
  <testcase name="signUp" time="18.071" classname="com.atmecs.phptravels.tests.PhpTravels_profile"/>
  <testcase name="signUp" time="20.849" classname="com.atmecs.phptravels.tests.PhpTravels_profile"/>
  <testcase name="signUp" time="18.023" classname="com.atmecs.phptravels.tests.PhpTravels_profile"/>
  <testcase name="signUp" time="18.213" classname="com.atmecs.phptravels.tests.PhpTravels_profile"/>
</testsuite> <!-- com.atmecs.phptravels.tests.PhpTravels_profile -->
