<?xml version="1.0" encoding="UTF-8"?>
<!-- Generated by org.testng.reporters.JUnitReportReporter -->
<testsuite skipped="0" hostname="ATMECSINLT-044" name="com.atmecs.phptravels.utils.ExcelFileWriter" tests="1" failures="0" timestamp="13 Sep 2019 14:55:53 GMT" time="1.109" errors="0">
  <testcase name="test" time="1.109" classname="com.atmecs.phptravels.utils.ExcelFileWriter"/>
</testsuite> <!-- com.atmecs.phptravels.utils.ExcelFileWriter -->
