<?xml version="1.0" encoding="UTF-8"?>
<!-- Generated by org.testng.reporters.JUnitReportReporter -->
<testsuite skipped="0" hostname="ATMECSINLT-044" name="com.atmecs.phptravels.validateSignUp.SignUp" tests="2" failures="0" timestamp="16 Sep 2019 12:04:21 GMT" time="36.140" errors="0">
  <testcase name="validateSignUpEmail" time="23.126" classname="com.atmecs.phptravels.validateSignUp.SignUp"/>
  <testcase name="validateSignUp" time="13.014" classname="com.atmecs.phptravels.validateSignUp.SignUp"/>
</testsuite> <!-- com.atmecs.phptravels.validateSignUp.SignUp -->
