<?xml version="1.0" encoding="UTF-8"?>
<!-- Generated by org.testng.reporters.JUnitReportReporter -->
<testsuite skipped="0" hostname="ATMECSINLT-044" name="com.atmecs.phptravels.tests.PhpTravels_signUp" tests="5" failures="0" timestamp="17 Sep 2019 12:34:20 GMT" time="175.131" errors="0">
  <testcase name="signUp" time="34.889" classname="com.atmecs.phptravels.tests.PhpTravels_signUp"/>
  <testcase name="signUp" time="32.689" classname="com.atmecs.phptravels.tests.PhpTravels_signUp"/>
  <testcase name="signUp" time="34.516" classname="com.atmecs.phptravels.tests.PhpTravels_signUp"/>
  <testcase name="signUp" time="36.242" classname="com.atmecs.phptravels.tests.PhpTravels_signUp"/>
  <testcase name="signUp" time="36.795" classname="com.atmecs.phptravels.tests.PhpTravels_signUp"/>
</testsuite> <!-- com.atmecs.phptravels.tests.PhpTravels_signUp -->
